#
# There is insufficient memory for the Java Runtime Environment to continue.
# Native memory allocation (mmap) failed to map 134217728 bytes for Failed to commit area from 0x0000000081c00000 to 0x0000000089c00000 of length 134217728.
# Possible reasons:
#   The system is out of physical RAM or swap space
#   The process is running with CompressedOops enabled, and the Java Heap may be blocking the growth of the native heap
# Possible solutions:
#   Reduce memory load on the system
#   Increase physical memory or swap space
#   Check if swap backing store is full
#   Decrease Java heap size (-Xmx/-Xms)
#   Decrease number of Java threads
#   Decrease Java thread stack sizes (-Xss)
#   Set larger code cache with -XX:ReservedCodeCacheSize=
# This output file may be truncated or incomplete.
#
#  Out of Memory Error (./src/hotspot/os/windows/os_windows.cpp:3301), pid=7588, tid=7176
#
# JRE version:  (11.0.10) (build )
# Java VM: OpenJDK 64-Bit Server VM (11.0.10+0-b96-7249189, mixed mode, sharing, tiered, compressed oops, g1 gc, windows-amd64)
# No core dump will be written. Minidumps are not enabled by default on client versions of Windows
#

---------------  S U M M A R Y ------------

Command Line: org.jetbrains.git4idea.http.GitAskPassApp Username for 'https://github.com': 

Host: Intel(R) Core(TM) i5-3230M CPU @ 2.60GHz, 4 cores, 7G,  Windows 10 , 64 bit Build 17763 (10.0.17763.379)
Time: Sun Jan 23 17:34:44 2022 RTZ 2 (ceia) elapsed time: 0.023113 seconds (0d 0h 0m 0s)

---------------  T H R E A D  ---------------

Current thread (0x0000028a52add000):  JavaThread "Unknown thread" [_thread_in_vm, id=7176, stack(0x0000008bb9300000,0x0000008bb9400000)]

Stack: [0x0000008bb9300000,0x0000008bb9400000]
Native frames: (J=compiled Java code, j=interpreted, Vv=VM code, C=native code)
V  [jvm.dll+0x5ecfaa]
V  [jvm.dll+0x722bd5]
V  [jvm.dll+0x72412d]
V  [jvm.dll+0x7247e3]
V  [jvm.dll+0x242928]
V  [jvm.dll+0x5ea374]
V  [jvm.dll+0x5df425]
V  [jvm.dll+0x2fdebb]
V  [jvm.dll+0x2fde2a]
V  [jvm.dll+0x2fdd02]
V  [jvm.dll+0x302bf6]
V  [jvm.dll+0x34b2a3]
V  [jvm.dll+0x34b9a6]
V  [jvm.dll+0x34b3a3]
V  [jvm.dll+0x2d8888]
V  [jvm.dll+0x2d9a37]
V  [jvm.dll+0x701737]
V  [jvm.dll+0x702f2c]
V  [jvm.dll+0x3587d9]
V  [jvm.dll+0x6e4fae]
V  [jvm.dll+0x3c0be3]
V  [jvm.dll+0x3c2e91]
C  [jli.dll+0x5373]
C  [ucrtbase.dll+0x21ffa]
C  [KERNEL32.DLL+0x181f4]
C  [ntdll.dll+0x6a251]


---------------  P R O C E S S  ---------------

Threads class SMR info:
_java_thread_list=0x0000028a52905700, length=0, elements={
}

Java Threads: ( => current thread )

Other Threads:
  0x0000028a52af7800 GCTaskThread "GC Thread#0" [stack: 0x0000008bb9400000,0x0000008bb9500000] [id=6328]
  0x0000028a52b28000 ConcurrentGCThread "G1 Main Marker" [stack: 0x0000008bb9500000,0x0000008bb9600000] [id=7172]
  0x0000028a52b2a000 ConcurrentGCThread "G1 Conc#0" [stack: 0x0000008bb9600000,0x0000008bb9700000] [id=6788]

[error occurred during error reporting (printing all threads), id 0xc0000005, EXCEPTION_ACCESS_VIOLATION (0xc0000005) at pc=0x00007ff92eeb9107]

VM state:not at safepoint (not fully initialized)

VM Mutex/Monitor currently owned by a thread:  ([mutex/lock_event])
[0x0000028a52ad8a90] Heap_lock - owner thread: 0x0000028a52add000

Heap address: 0x0000000081c00000, size: 2020 MB, Compressed Oops mode: Non-zero based: 0x0000000081c00000
Narrow klass base: 0x0000000000000000, Narrow klass shift: 0

GC Heap History (0 events):
No events

Deoptimization events (0 events):
No events

Classes redefined (0 events):
No events

Internal exceptions (0 events):
No events

Events (1 events):
Event: 0.009 Loaded shared library C:\Program Files\Android\Android Studio\jre\bin\zip.dll


Dynamic libraries:
0x00007ff7eaef0000 - 0x00007ff7eaefa000 	C:\Program Files\Android\Android Studio\jre\bin\java.exe
0x00007ff973670000 - 0x00007ff97385d000 	C:\Windows\SYSTEM32\ntdll.dll
0x00007ff9711b0000 - 0x00007ff971263000 	C:\Windows\System32\KERNEL32.DLL
0x00007ff96fc10000 - 0x00007ff96fea3000 	C:\Windows\System32\KERNELBASE.dll
0x00007ff96f990000 - 0x00007ff96fa8a000 	C:\Windows\System32\ucrtbase.dll
0x00007ff952270000 - 0x00007ff952289000 	C:\Program Files\Android\Android Studio\jre\bin\jli.dll
0x00007ff948f60000 - 0x00007ff948f77000 	C:\Program Files\Android\Android Studio\jre\bin\VCRUNTIME140.dll
0x00007ff971010000 - 0x00007ff9711a7000 	C:\Windows\System32\USER32.dll
0x00007ff95cc20000 - 0x00007ff95ce99000 	C:\Windows\WinSxS\amd64_microsoft.windows.common-controls_6595b64144ccf1df_6.0.17763.379_none_05b83be8071c94a1\COMCTL32.dll
0x00007ff96fb40000 - 0x00007ff96fb60000 	C:\Windows\System32\win32u.dll
0x00007ff973570000 - 0x00007ff97360e000 	C:\Windows\System32\msvcrt.dll
0x00007ff9718d0000 - 0x00007ff9718f9000 	C:\Windows\System32\GDI32.dll
0x00007ff971ca0000 - 0x00007ff971fcd000 	C:\Windows\System32\combase.dll
0x00007ff96f740000 - 0x00007ff96f8da000 	C:\Windows\System32\gdi32full.dll
0x00007ff970800000 - 0x00007ff9708a0000 	C:\Windows\System32\msvcp_win.dll
0x00007ff971b70000 - 0x00007ff971c92000 	C:\Windows\System32\RPCRT4.dll
0x00007ff96fb60000 - 0x00007ff96fbde000 	C:\Windows\System32\bcryptPrimitives.dll
0x00007ff973610000 - 0x00007ff97363e000 	C:\Windows\System32\IMM32.DLL
0x00007ff921de0000 - 0x00007ff921e7d000 	C:\Program Files\Android\Android Studio\jre\bin\msvcp140.dll
0x00007ff92ebd0000 - 0x00007ff92f69f000 	C:\Program Files\Android\Android Studio\jre\bin\server\jvm.dll
0x00007ff970a10000 - 0x00007ff970ab3000 	C:\Windows\System32\ADVAPI32.dll
0x00007ff971350000 - 0x00007ff9713ee000 	C:\Windows\System32\sechost.dll
0x00007ff971900000 - 0x00007ff971908000 	C:\Windows\System32\PSAPI.DLL
0x00007ff96bca0000 - 0x00007ff96bca9000 	C:\Windows\SYSTEM32\WSOCK32.dll
0x00007ff968df0000 - 0x00007ff968dfa000 	C:\Windows\SYSTEM32\VERSION.dll
0x00007ff9712e0000 - 0x00007ff97134d000 	C:\Windows\System32\WS2_32.dll
0x00007ff96d930000 - 0x00007ff96d954000 	C:\Windows\SYSTEM32\WINMM.dll
0x00007ff96d900000 - 0x00007ff96d92d000 	C:\Windows\SYSTEM32\WINMMBASE.dll
0x00007ff96f940000 - 0x00007ff96f98a000 	C:\Windows\System32\cfgmgr32.dll
0x00007ff96f720000 - 0x00007ff96f731000 	C:\Windows\System32\kernel.appcore.dll
0x00007ff967cf0000 - 0x00007ff967d01000 	C:\Program Files\Android\Android Studio\jre\bin\verify.dll
0x00007ff968ff0000 - 0x00007ff9691dd000 	C:\Windows\SYSTEM32\DBGHELP.DLL
0x00007ff95eed0000 - 0x00007ff95eefa000 	C:\Windows\SYSTEM32\dbgcore.DLL
0x00007ff967bf0000 - 0x00007ff967c19000 	C:\Program Files\Android\Android Studio\jre\bin\java.dll
0x00007ff967be0000 - 0x00007ff967beb000 	C:\Program Files\Android\Android Studio\jre\bin\jimage.dll
0x00007ff95ddc0000 - 0x00007ff95ddd8000 	C:\Program Files\Android\Android Studio\jre\bin\zip.dll

dbghelp: loaded successfully - version: 4.0.5 - missing functions: none
symbol engine: initialized successfully - sym options: 0x614 - pdb path: .;C:\Program Files\Android\Android Studio\jre\bin;C:\Windows\SYSTEM32;C:\Windows\WinSxS\amd64_microsoft.windows.common-controls_6595b64144ccf1df_6.0.17763.379_none_05b83be8071c94a1;C:\Program Files\Android\Android Studio\jre\bin\server

VM Arguments:
java_command: org.jetbrains.git4idea.http.GitAskPassApp Username for 'https://github.com': 
java_class_path (initial): C:/Program Files/Android/Android Studio/plugins/git4idea/lib/git4idea-rt.jar;C:/Program Files/Android/Android Studio/lib/xmlrpc-2.0.1.jar;C:/Program Files/Android/Android Studio/lib/commons-codec-1.14.jar
Launcher Type: SUN_STANDARD

[Global flags]
     intx CICompilerCount                          = 3                                         {product} {ergonomic}
     uint ConcGCThreads                            = 1                                         {product} {ergonomic}
     uint G1ConcRefinementThreads                  = 4                                         {product} {ergonomic}
   size_t G1HeapRegionSize                         = 1048576                                   {product} {ergonomic}
    uintx GCDrainStackTargetSize                   = 64                                        {product} {ergonomic}
   size_t InitialHeapSize                          = 134217728                                 {product} {ergonomic}
   size_t MarkStackSize                            = 4194304                                   {product} {ergonomic}
   size_t MaxHeapSize                              = 2118123520                                {product} {ergonomic}
   size_t MinHeapDeltaBytes                        = 1048576                                   {product} {ergonomic}
    uintx NonNMethodCodeHeapSize                   = 5830732                                {pd product} {ergonomic}
    uintx NonProfiledCodeHeapSize                  = 122913754                              {pd product} {ergonomic}
    uintx ProfiledCodeHeapSize                     = 122913754                              {pd product} {ergonomic}
    uintx ReservedCodeCacheSize                    = 251658240                              {pd product} {ergonomic}
     bool SegmentedCodeCache                       = true                                      {product} {ergonomic}
     bool UseCompressedClassPointers               = true                                 {lp64_product} {ergonomic}
     bool UseCompressedOops                        = true                                 {lp64_product} {ergonomic}
     bool UseG1GC                                  = true                                      {product} {ergonomic}
     bool UseLargePagesIndividualAllocation        = false                                  {pd product} {ergonomic}

Logging:
Log output configuration:
 #0: stdout all=warning uptime,level,tags
 #1: stderr all=off uptime,level,tags

Environment Variables:
PATH=C:/Program Files/Git/mingw64/libexec/git-core;C:/Program Files/Git/mingw64/libexec/git-core;C:\Program Files\Git\mingw64\bin;C:\Program Files\Git\usr\bin;C:\Users\User\bin;C:\Program Files (x86)\Common Files\Oracle\Java\javapath;C:\Windows\system32;C:\Windows;C:\Windows\System32\Wbem;C:\Windows\System32\WindowsPowerShell\v1.0\;C:\Windows\System32\OpenSSH\;C:\Program Files (x86)\ATI Technologies\ATI.ACE\Core-Static;C:\Program Files\Git\cmd;C:\Users\User\AppData\Local\Microsoft\WindowsApps;C:\Users\User\IntelliJ IDEA Community Edition 2021.1.2\bin;C:\Users\User\AppData\Local\gitkraken\bin
USERNAME=User
DISPLAY=:0.0
LC_ALL=en_US.UTF-8
OS=Windows_NT
PROCESSOR_IDENTIFIER=Intel64 Family 6 Model 58 Stepping 9, GenuineIntel



---------------  S Y S T E M  ---------------

OS: Windows 10 , 64 bit Build 17763 (10.0.17763.379)
OS uptime: 0 days 5:20 hours

CPU:total 4 (initial active 4) (2 cores per cpu, 2 threads per core) family 6 model 58 stepping 9 microcode 0x20, cmov, cx8, fxsr, mmx, sse, sse2, sse3, ssse3, sse4.1, sse4.2, popcnt, avx, aes, clmul, erms, ht, tsc, tscinvbit, tscinv

Memory: 4k page, system-wide physical 8076M (1511M free)
TotalPageFile size 10124M (AvailPageFile size 5M)
current process WorkingSet (physical memory assigned to process): 9M, peak: 9M
current process commit charge ("private bytes"): 52M, peak: 179M

vm_info: OpenJDK 64-Bit Server VM (11.0.10+0-b96-7249189) for windows-amd64 JRE (11.0.10+0-b96-7249189), built on Mar 31 2021 21:44:00 by "builder" with MS VC++ 14.0 (VS2015)

END.
